{
"contracts/Raffle.sol":{"l":{"61":3,"62":3,"63":3,"64":3,"65":3,"66":3,"67":3,"68":3,"72":0,"73":0,"76":0,"77":0,"79":0,"81":0,"105":0,"106":0,"107":0,"108":0,"109":0,"115":0,"116":0,"117":0,"123":0,"126":0,"134":0,"142":0,"143":0,"144":0,"145":0,"148":0,"149":0,"152":0,"153":0,"154":0,"157":0,"162":0,"166":0,"170":0,"174":1,"178":0,"182":0,"186":1,"190":0,"194":0},"path":"/Users/completementduper/code/Blockchain-32h-course-fcc/05-hardhat-smartcontract-lottery/contracts/Raffle.sol","s":{"1":0,"2":0,"3":0,"4":0,"5":0,"6":0,"7":0,"8":0,"9":0,"10":0,"11":0,"12":0,"13":0,"14":0,"15":0,"16":0,"17":0,"18":0,"19":0,"20":0,"21":1,"22":0,"23":0,"24":1,"25":0,"26":0},"b":{"1":[0,0],"2":[0,0],"3":[0,0],"4":[0,0]},"f":{"1":3,"2":0,"3":0,"4":0,"5":0,"6":0,"7":0,"8":0,"9":1,"10":0,"11":0,"12":1,"13":0,"14":0},"fnMap":{"1":{"name":"constructor","line":60,"loc":{"start":{"line":53,"column":4},"end":{"line":69,"column":4}}},"2":{"name":"enterRaffle","line":71,"loc":{"start":{"line":71,"column":4},"end":{"line":82,"column":4}}},"3":{"name":"checkUpkeep","line":95,"loc":{"start":{"line":95,"column":4},"end":{"line":110,"column":4}}},"4":{"name":"performUpkeep","line":112,"loc":{"start":{"line":112,"column":4},"end":{"line":135,"column":4}}},"5":{"name":"fulfillRandomWords","line":137,"loc":{"start":{"line":137,"column":4},"end":{"line":158,"column":4}}},"6":{"name":"getEntranceFee","line":161,"loc":{"start":{"line":161,"column":4},"end":{"line":163,"column":4}}},"7":{"name":"getParticipant","line":165,"loc":{"start":{"line":165,"column":4},"end":{"line":167,"column":4}}},"8":{"name":"getRecentWinner","line":169,"loc":{"start":{"line":169,"column":4},"end":{"line":171,"column":4}}},"9":{"name":"getRaffleState","line":173,"loc":{"start":{"line":173,"column":4},"end":{"line":175,"column":4}}},"10":{"name":"getNumberOfPlayers","line":177,"loc":{"start":{"line":177,"column":4},"end":{"line":179,"column":4}}},"11":{"name":"getLastTimeStamp","line":181,"loc":{"start":{"line":181,"column":4},"end":{"line":183,"column":4}}},"12":{"name":"getInterval","line":185,"loc":{"start":{"line":185,"column":4},"end":{"line":187,"column":4}}},"13":{"name":"getNumWords","line":189,"loc":{"start":{"line":189,"column":4},"end":{"line":191,"column":4}}},"14":{"name":"getRequestConfirmations","line":193,"loc":{"start":{"line":193,"column":4},"end":{"line":195,"column":4}}}},"statementMap":{"1":{"start":{"line":72,"column":8},"end":{"line":72,"column":2313}},"2":{"start":{"line":76,"column":8},"end":{"line":76,"column":2415}},"3":{"start":{"line":79,"column":8},"end":{"line":79,"column":47}},"4":{"start":{"line":81,"column":8},"end":{"line":81,"column":38}},"5":{"start":{"line":105,"column":8},"end":{"line":105,"column":57}},"6":{"start":{"line":106,"column":8},"end":{"line":106,"column":76}},"7":{"start":{"line":107,"column":8},"end":{"line":107,"column":58}},"8":{"start":{"line":108,"column":8},"end":{"line":108,"column":53}},"9":{"start":{"line":115,"column":8},"end":{"line":115,"column":47}},"10":{"start":{"line":116,"column":8},"end":{"line":116,"column":3808}},"11":{"start":{"line":126,"column":8},"end":{"line":126,"column":4111}},"12":{"start":{"line":134,"column":8},"end":{"line":134,"column":45}},"13":{"start":{"line":142,"column":8},"end":{"line":142,"column":70}},"14":{"start":{"line":143,"column":8},"end":{"line":143,"column":68}},"15":{"start":{"line":152,"column":8},"end":{"line":152,"column":78}},"16":{"start":{"line":153,"column":8},"end":{"line":153,"column":5055}},"17":{"start":{"line":157,"column":8},"end":{"line":157,"column":39}},"18":{"start":{"line":162,"column":8},"end":{"line":162,"column":28}},"19":{"start":{"line":166,"column":8},"end":{"line":166,"column":36}},"20":{"start":{"line":170,"column":8},"end":{"line":170,"column":29}},"21":{"start":{"line":174,"column":8},"end":{"line":174,"column":28}},"22":{"start":{"line":178,"column":8},"end":{"line":178,"column":36}},"23":{"start":{"line":182,"column":8},"end":{"line":182,"column":30}},"24":{"start":{"line":186,"column":8},"end":{"line":186,"column":25}},"25":{"start":{"line":190,"column":8},"end":{"line":190,"column":24}},"26":{"start":{"line":194,"column":8},"end":{"line":194,"column":36}}},"branchMap":{"1":{"line":72,"type":"if","locations":[{"start":{"line":72,"column":8},"end":{"line":72,"column":8}},{"start":{"line":72,"column":8},"end":{"line":72,"column":8}}]},"2":{"line":76,"type":"if","locations":[{"start":{"line":76,"column":8},"end":{"line":76,"column":8}},{"start":{"line":76,"column":8},"end":{"line":76,"column":8}}]},"3":{"line":116,"type":"if","locations":[{"start":{"line":116,"column":8},"end":{"line":116,"column":8}},{"start":{"line":116,"column":8},"end":{"line":116,"column":8}}]},"4":{"line":153,"type":"if","locations":[{"start":{"line":153,"column":8},"end":{"line":153,"column":8}},{"start":{"line":153,"column":8},"end":{"line":153,"column":8}}]}}},
"contracts/test/VRFCoordinatorV2Mock.sol":{"l":{},"path":"/Users/completementduper/code/Blockchain-32h-course-fcc/05-hardhat-smartcontract-lottery/contracts/test/VRFCoordinatorV2Mock.sol","s":{},"b":{},"f":{},"fnMap":{},"statementMap":{},"branchMap":{}}}
