TN:
SF:/Users/completementduper/code/Blockchain-32h-course-fcc/05-hardhat-smartcontract-lottery/contracts/Raffle.sol
FN:60,constructor
FN:71,enterRaffle
FN:95,checkUpkeep
FN:112,performUpkeep
FN:137,fulfillRandomWords
FN:161,getEntranceFee
FN:165,getParticipant
FN:169,getRecentWinner
FN:173,getRaffleState
FN:177,getNumberOfPlayers
FN:181,getLastTimeStamp
FN:185,getInterval
FN:189,getNumWords
FN:193,getRequestConfirmations
FNF:14
FNH:3
FNDA:3,constructor
FNDA:0,enterRaffle
FNDA:0,checkUpkeep
FNDA:0,performUpkeep
FNDA:0,fulfillRandomWords
FNDA:0,getEntranceFee
FNDA:0,getParticipant
FNDA:0,getRecentWinner
FNDA:1,getRaffleState
FNDA:0,getNumberOfPlayers
FNDA:0,getLastTimeStamp
FNDA:1,getInterval
FNDA:0,getNumWords
FNDA:0,getRequestConfirmations
DA:61,3
DA:62,3
DA:63,3
DA:64,3
DA:65,3
DA:66,3
DA:67,3
DA:68,3
DA:72,0
DA:73,0
DA:76,0
DA:77,0
DA:79,0
DA:81,0
DA:105,0
DA:106,0
DA:107,0
DA:108,0
DA:109,0
DA:115,0
DA:116,0
DA:117,0
DA:123,0
DA:126,0
DA:134,0
DA:142,0
DA:143,0
DA:144,0
DA:145,0
DA:148,0
DA:149,0
DA:152,0
DA:153,0
DA:154,0
DA:157,0
DA:162,0
DA:166,0
DA:170,0
DA:174,1
DA:178,0
DA:182,0
DA:186,1
DA:190,0
DA:194,0
LF:44
LH:10
BRDA:72,1,0,0
BRDA:72,1,1,0
BRDA:76,2,0,0
BRDA:76,2,1,0
BRDA:116,3,0,0
BRDA:116,3,1,0
BRDA:153,4,0,0
BRDA:153,4,1,0
BRF:8
BRH:0
end_of_record
TN:
SF:/Users/completementduper/code/Blockchain-32h-course-fcc/05-hardhat-smartcontract-lottery/contracts/test/VRFCoordinatorV2Mock.sol
FNF:0
FNH:0
LF:0
LH:0
BRF:0
BRH:0
end_of_record
